This is pdfTeX, Version 3.1415926-2.4-1.40.13 (MiKTeX 2.9 64-bit) (preloaded format=pdflatex 2013.11.1)  6 MAY 2015 00:19
entering extended mode
**defenseThesis.tex
(C:\Users\charu\Documents\GitHubRes\ReseachZebrafish\PhDThesis\defenseThesis.tex
LaTeX2e <2011/06/27>
Babel <v3.8m> and hyphenation patterns for english, afrikaans, ancientgreek, arabic, armenian, assamese, basque, bengali
, bokmal, bulgarian, catalan, coptic, croatian, czech, danish, dutch, esperanto, estonian, farsi, finnish, french, galic
ian, german, german-x-2012-05-30, greek, gujarati, hindi, hungarian, icelandic, indonesian, interlingua, irish, italian,
 kannada, kurmanji, latin, latvian, lithuanian, malayalam, marathi, mongolian, mongolianlmc, monogreek, ngerman, ngerman
-x-2012-05-30, nynorsk, oriya, panjabi, pinyin, polish, portuguese, romanian, russian, sanskrit, serbian, slovak, sloven
ian, spanish, swedish, swissgerman, tamil, telugu, turkish, turkmen, ukenglish, ukrainian, uppersorbian, usenglishmax, w
elsh, loaded.
("C:\Program Files\MiKTeX 2.9\tex\latex\base\report.cls"
Document Class: report 2007/10/19 v1.4h Standard LaTeX document class
("C:\Program Files\MiKTeX 2.9\tex\latex\base\size12.clo"
File: size12.clo 2007/10/19 v1.4h Standard LaTeX file (size option)
)
\c@part=\count79
\c@chapter=\count80
\c@section=\count81
\c@subsection=\count82
\c@subsubsection=\count83
\c@paragraph=\count84
\c@subparagraph=\count85
\c@figure=\count86
\c@table=\count87
\abovecaptionskip=\skip41
\belowcaptionskip=\skip42
\bibindent=\dimen102
)
(C:\Users\charu\Documents\GitHubRes\ReseachZebrafish\PhDThesis\uhthesis3.sty
Document Style Option `uhthesis' <31 Aug 90>.
) ("C:\Program Files\MiKTeX 2.9\tex\latex\graphics\epsfig.sty"
Package: epsfig 1999/02/16 v1.7a (e)psfig emulation (SPQR)

("C:\Program Files\MiKTeX 2.9\tex\latex\graphics\graphicx.sty"
Package: graphicx 1999/02/16 v1.0f Enhanced LaTeX Graphics (DPC,SPQR)

("C:\Program Files\MiKTeX 2.9\tex\latex\graphics\keyval.sty"
Package: keyval 1999/03/16 v1.13 key=value parser (DPC)
\KV@toks@=\toks14
)
("C:\Program Files\MiKTeX 2.9\tex\latex\graphics\graphics.sty"
Package: graphics 2009/02/05 v1.0o Standard LaTeX Graphics (DPC,SPQR)
 ("C:\Program Files\MiKTeX 2.9\tex\latex\graphics\trig.sty"
Package: trig 1999/03/16 v1.09 sin cos tan (DPC)
) ("C:\Program Files\MiKTeX 2.9\tex\latex\00miktex\graphics.cfg"
File: graphics.cfg 2007/01/18 v1.5 graphics configuration of teTeX/TeXLive
)
Package graphics Info: Driver file: pdftex.def on input line 91.

("C:\Program Files\MiKTeX 2.9\tex\latex\pdftex-def\pdftex.def"
File: pdftex.def 2011/05/27 v0.06d Graphics/color for pdfTeX

("C:\Program Files\MiKTeX 2.9\tex\generic\oberdiek\infwarerr.sty"
Package: infwarerr 2010/04/08 v1.3 Providing info/warning/error messages (HO)
)
("C:\Program Files\MiKTeX 2.9\tex\generic\oberdiek\ltxcmds.sty"
Package: ltxcmds 2011/11/09 v1.22 LaTeX kernel commands for general use (HO)
)
\Gread@gobject=\count88
))
\Gin@req@height=\dimen103
\Gin@req@width=\dimen104
)
\epsfxsize=\dimen105
\epsfysize=\dimen106
)
("C:\Program Files\MiKTeX 2.9\tex\latex\epsf\epsf.sty"
This is `epsf.tex' v2.7.4 <14 February 2011>
\epsffilein=\read1
\epsfframemargin=\dimen107
\epsfframethickness=\dimen108
\epsfrsize=\dimen109
\epsftmp=\dimen110
\epsftsize=\dimen111
\epsfxsize=\dimen112
\epsfysize=\dimen113
\pspoints=\dimen114
) (C:\Users\charu\Documents\GitHubRes\ReseachZebrafish\PhDThesis\tex/definitions.tex
\c@lfigcounter=\count89
)
("C:\Program Files\MiKTeX 2.9\tex\latex\ltxmisc\url.sty"
\Urlmuskip=\muskip10
Package: url 2006/04/12  ver 3.3  Verb mode for urls, etc.
) ("C:\Program Files\MiKTeX 2.9\tex\latex\float\float.sty"
Package: float 2001/11/08 v1.3d Float enhancements (AL)
\c@float@type=\count90
\float@exts=\toks15
\float@box=\box26
\@float@everytoks=\toks16
\@floatcapt=\box27
)
("C:\Program Files\MiKTeX 2.9\tex\latex\subfigure\subfigure.sty"
Package: subfigure 2002/07/30 v2.1.4 subfigure package
\subfigtopskip=\skip43
\subfigcapskip=\skip44
\subfigcaptopadj=\dimen115
\subfigbottomskip=\skip45
\subfigcapmargin=\dimen116
\subfiglabelskip=\skip46
\c@subfigure=\count91
\c@lofdepth=\count92
\c@subtable=\count93
\c@lotdepth=\count94

****************************************
* Local config file subfigure.cfg used *
****************************************
("C:\Program Files\MiKTeX 2.9\tex\latex\subfigure\subfigure.cfg")
\subfig@top=\skip47
\subfig@bottom=\skip48
)
("C:\Program Files\MiKTeX 2.9\tex\latex\siunitx\siunitx.sty" ("C:\Program Files\MiKTeX 2.9\tex\latex\l3kernel\expl3.sty"
("C:\Program Files\MiKTeX 2.9\tex\latex\l3kernel\l3names.sty"
("C:\Program Files\MiKTeX 2.9\tex\latex\l3kernel\l3bootstrap.sty"
Package: l3bootstrap 2014/01/04 v4640 L3 Experimental bootstrap code
)
Package: l3names 2014/01/04 v4640 L3 Namespace for primitives
) ("C:\Program Files\MiKTeX 2.9\tex\latex\misc\etex.sty"
Package: etex 1998/03/26 v2.0 eTeX basic definition package (PEB)
\et@xins=\count95
)
Package: expl3 2014/01/07 v4646 L3 Experimental code bundle wrapper
 ("C:\Program Files\MiKTeX 2.9\tex\latex\l3kernel\l3basics.sty"
Package: l3basics 2014/01/04 v4642 L3 Basic definitions
)
("C:\Program Files\MiKTeX 2.9\tex\latex\l3kernel\l3expan.sty"
Package: l3expan 2014/01/04 v4642 L3 Argument expansion
) ("C:\Program Files\MiKTeX 2.9\tex\latex\l3kernel\l3tl.sty"
Package: l3tl 2013/12/27 v4625 L3 Token lists
) ("C:\Program Files\MiKTeX 2.9\tex\latex\l3kernel\l3seq.sty"
Package: l3seq 2013/12/14 v4623 L3 Sequences and stacks
)
("C:\Program Files\MiKTeX 2.9\tex\latex\l3kernel\l3int.sty"
Package: l3int 2013/08/02 v4583 L3 Integers
\c_max_int=\count96
\l_tmpa_int=\count97
\l_tmpb_int=\count98
\g_tmpa_int=\count99
\g_tmpb_int=\count100
) ("C:\Program Files\MiKTeX 2.9\tex\latex\l3kernel\l3quark.sty"
Package: l3quark 2013/12/14 v4623 L3 Quarks
) ("C:\Program Files\MiKTeX 2.9\tex\latex\l3kernel\l3prg.sty"
Package: l3prg 2014/01/04 v4642 L3 Control structures
\g__prg_map_int=\count101
)
("C:\Program Files\MiKTeX 2.9\tex\latex\l3kernel\l3clist.sty"
Package: l3clist 2013/07/28 v4581 L3 Comma separated lists
)
("C:\Program Files\MiKTeX 2.9\tex\latex\l3kernel\l3token.sty"
Package: l3token 2013/08/25 v4587 L3 Experimental token manipulation
)
("C:\Program Files\MiKTeX 2.9\tex\latex\l3kernel\l3prop.sty"
Package: l3prop 2013/12/14 v4623 L3 Property lists
) ("C:\Program Files\MiKTeX 2.9\tex\latex\l3kernel\l3msg.sty"
Package: l3msg 2013/07/28 v4581 L3 Messages
) ("C:\Program Files\MiKTeX 2.9\tex\latex\l3kernel\l3file.sty"
Package: l3file 2013/10/13 v4596 L3 File and I/O operations
\l_iow_line_count_int=\count102
\l__iow_target_count_int=\count103
\l__iow_current_line_int=\count104
\l__iow_current_word_int=\count105
\l__iow_current_indentation_int=\count106
)
("C:\Program Files\MiKTeX 2.9\tex\latex\l3kernel\l3skip.sty"
Package: l3skip 2013/07/28 v4581 L3 Dimensions and skips
\c_zero_dim=\dimen117
\c_max_dim=\dimen118
\l_tmpa_dim=\dimen119
\l_tmpb_dim=\dimen120
\g_tmpa_dim=\dimen121
\g_tmpb_dim=\dimen122
\c_zero_skip=\skip49
\c_max_skip=\skip50
\l_tmpa_skip=\skip51
\l_tmpb_skip=\skip52
\g_tmpa_skip=\skip53
\g_tmpb_skip=\skip54
\c_zero_muskip=\muskip11
\c_max_muskip=\muskip12
\l_tmpa_muskip=\muskip13
\l_tmpb_muskip=\muskip14
\g_tmpa_muskip=\muskip15
\g_tmpb_muskip=\muskip16
) ("C:\Program Files\MiKTeX 2.9\tex\latex\l3kernel\l3keys.sty"
Package: l3keys 2013/12/08 v4614 L3 Experimental key-value interfaces
\g__keyval_level_int=\count107
\l_keys_choice_int=\count108
) ("C:\Program Files\MiKTeX 2.9\tex\latex\l3kernel\l3fp.sty"
Package: l3fp 2014/01/04 v4642 L3 Floating points
\c__fp_leading_shift_int=\count109
\c__fp_middle_shift_int=\count110
\c__fp_trailing_shift_int=\count111
\c__fp_big_leading_shift_int=\count112
\c__fp_big_middle_shift_int=\count113
\c__fp_big_trailing_shift_int=\count114
\c__fp_Bigg_leading_shift_int=\count115
\c__fp_Bigg_middle_shift_int=\count116
\c__fp_Bigg_trailing_shift_int=\count117
)
("C:\Program Files\MiKTeX 2.9\tex\latex\l3kernel\l3box.sty"
Package: l3box 2013/07/28 v4581 L3 Experimental boxes
\c_empty_box=\box28
\l_tmpa_box=\box29
\l_tmpb_box=\box30
\g_tmpa_box=\box31
\g_tmpb_box=\box32
)
("C:\Program Files\MiKTeX 2.9\tex\latex\l3kernel\l3coffins.sty"
Package: l3coffins 2013/12/14 v4624 L3 Coffin code layer
\l__coffin_internal_box=\box33
\l__coffin_internal_dim=\dimen123
\l__coffin_offset_x_dim=\dimen124
\l__coffin_offset_y_dim=\dimen125
\l__coffin_x_dim=\dimen126
\l__coffin_y_dim=\dimen127
\l__coffin_x_prime_dim=\dimen128
\l__coffin_y_prime_dim=\dimen129
\c_empty_coffin=\box34
\l__coffin_aligned_coffin=\box35
\l__coffin_aligned_internal_coffin=\box36
\l_tmpa_coffin=\box37
\l_tmpb_coffin=\box38
\l__coffin_display_coffin=\box39
\l__coffin_display_coord_coffin=\box40
\l__coffin_display_pole_coffin=\box41
\l__coffin_display_offset_dim=\dimen130
\l__coffin_display_x_dim=\dimen131
\l__coffin_display_y_dim=\dimen132
)
("C:\Program Files\MiKTeX 2.9\tex\latex\l3kernel\l3color.sty"
Package: l3color 2012/08/29 v4156 L3 Experimental color support
)
("C:\Program Files\MiKTeX 2.9\tex\latex\l3kernel\l3luatex.sty"
Package: l3luatex 2013/07/28 v4581 L3 Experimental LuaTeX-specific functions
\g__cctab_allocate_int=\count118
\g__cctab_stack_int=\count119
)
("C:\Program Files\MiKTeX 2.9\tex\latex\l3kernel\l3candidates.sty"
Package: l3candidates 2014/01/06 v4643 L3 Experimental additions to l3kernel
\l__box_top_dim=\dimen133
\l__box_bottom_dim=\dimen134
\l__box_left_dim=\dimen135
\l__box_right_dim=\dimen136
\l__box_top_new_dim=\dimen137
\l__box_bottom_new_dim=\dimen138
\l__box_left_new_dim=\dimen139
\l__box_right_new_dim=\dimen140
\l__box_internal_box=\box42
\l__coffin_bounding_shift_dim=\dimen141
\l__coffin_left_corner_dim=\dimen142
\l__coffin_right_corner_dim=\dimen143
\l__coffin_bottom_corner_dim=\dimen144
\l__coffin_top_corner_dim=\dimen145
\l__coffin_scaled_total_height_dim=\dimen146
\l__coffin_scaled_width_dim=\dimen147
)
("C:\Program Files\MiKTeX 2.9\tex\generic\oberdiek\ifpdf.sty"
Package: ifpdf 2011/01/30 v2.3 Provides the ifpdf switch (HO)
Package ifpdf Info: pdfTeX in PDF mode is detected.
))
("C:\Program Files\MiKTeX 2.9\tex\latex\l3packages\xparse\xparse.sty"
Package: xparse 2013/12/31 v4634 L3 Experimental document command parser
\l__xparse_current_arg_int=\count120
\l__xparse_m_args_int=\count121
\l__xparse_mandatory_args_int=\count122
\l__xparse_processor_int=\count123
\l__xparse_v_nesting_int=\count124
)
Package: siunitx 2013/07/31 v2.5s A comprehensive (SI) units package

("C:\Program Files\MiKTeX 2.9\tex\latex\amsmath\amstext.sty"
Package: amstext 2000/06/29 v2.01
 ("C:\Program Files\MiKTeX 2.9\tex\latex\amsmath\amsgen.sty"
File: amsgen.sty 1999/11/30 v2.0
\@emptytoks=\toks17
\ex@=\dimen148
)) ("C:\Program Files\MiKTeX 2.9\tex\latex\tools\array.sty"
Package: array 2008/09/09 v2.4c Tabular extension package (FMi)
\col@sep=\dimen149
\extrarowheight=\dimen150
\NC@list=\toks18
\extratabsurround=\skip55
\backup@length=\skip56
)
("C:\Program Files\MiKTeX 2.9\tex\latex\l3packages\l3keys2e\l3keys2e.sty"
Package: l3keys2e 2013/12/31 v4634 LaTeX2e option processing using LaTeX3 keys
)
Variant \tl_if_blank:VTF already defined; not changing it on line 50
\l__siunitx_tmp_box=\box43
\l__siunitx_tmp_dim=\dimen151
\l__siunitx_tmp_int=\count125
Variant \prop_get:NVNT already defined; not changing it on line 371
Variant \prop_get:NVNF already defined; not changing it on line 372
Variant \prop_get:NVNTF already defined; not changing it on line 373
\l__siunitx_number_mantissa_length_int=\count126
\l__siunitx_number_uncert_length_int=\count127
\l__siunitx_round_int=\count128
\l__siunitx_process_decimal_int=\count129
\l__siunitx_process_uncertainty_int=\count130
\l__siunitx_process_fixed_int=\count131
\l__siunitx_process_integer_min_int=\count132
\l__siunitx_process_precision_int=\count133
\l__siunitx_group_min_int=\count134
\l__siunitx_angle_marker_box=\box44
\l__siunitx_angle_unit_box=\box45
\l__siunitx_angle_marker_dim=\dimen152
\l__siunitx_angle_unit_dim=\dimen153
\l__siunitx_unit_int=\count135
\l__siunitx_unit_denominator_int=\count136
\l__siunitx_unit_numerator_int=\count137
\l__siunitx_unit_prefix_int=\count138
\l__siunitx_unit_prefix_base_int=\count139
\l__siunitx_unit_prefix_gram_int=\count140
\l__siunitx_number_product_int=\count141
\c__siunitx_one_fill_skip=\skip57
\l__siunitx_table_unit_align_skip=\skip58
\l__siunitx_table_exponent_dim=\dimen154
\l__siunitx_table_integer_dim=\dimen155
\l__siunitx_table_mantissa_dim=\dimen156
\l__siunitx_table_marker_dim=\dimen157
\l__siunitx_table_result_dim=\dimen158
\l__siunitx_table_uncert_dim=\dimen159
\l__siunitx_table_fill_pre_dim=\dimen160
\l__siunitx_table_fill_post_dim=\dimen161
\l__siunitx_table_fill_mid_dim=\dimen162
\l__siunitx_table_pre_box=\box46
\l__siunitx_table_post_box=\box47
\l__siunitx_table_mantissa_box=\box48
\l__siunitx_table_result_box=\box49
\l__siunitx_table_number_align_skip=\skip59
\l__siunitx_table_text_align_skip=\skip60
.................................................
. LaTeX info: "xparse/define-command"
. 
. Defining document command \DeclareBinaryPrefix with arg. spec. 'mmm' on line
. 7101.
.................................................
.................................................
. LaTeX info: "xparse/define-command"
. 
. Defining document command \DeclareSIPostPower with arg. spec. 'mm' on line
. 7104.
.................................................
.................................................
. LaTeX info: "xparse/define-command"
. 
. Defining document command \DeclareSIPrefix with arg. spec. 'mmm' on line
. 7107.
.................................................
.................................................
. LaTeX info: "xparse/define-command"
. 
. Defining document command \DeclareSIPrePower with arg. spec. 'mm' on line
. 7110.
.................................................
.................................................
. LaTeX info: "xparse/define-command"
. 
. Defining document command \DeclareSIQualifier with arg. spec. 'mm' on line
. 7113.
.................................................
.................................................
. LaTeX info: "xparse/define-command"
. 
. Defining document command \DeclareSIUnit with arg. spec. 'O{}mm' on line
. 7116.
.................................................
.................................................
. LaTeX info: "xparse/define-command"
. 
. Defining document command \DeclareSIUnitWithOptions with arg. spec. 'mmm' on
. line 7119.
.................................................
.................................................
. LaTeX info: "xparse/define-command"
. 
. Defining document command \ang with arg. spec. 'o>{\SplitArgument {2}{;}}m'
. on line 7134.
.................................................
.................................................
. LaTeX info: "xparse/define-command"
. 
. Defining document command \num with arg. spec. 'om' on line 7142.
.................................................
.................................................
. LaTeX info: "xparse/define-command"
. 
. Defining document command \numlist with arg. spec. 'o>{\SplitList {;}}m' on
. line 7150.
.................................................
.................................................
. LaTeX info: "xparse/define-command"
. 
. Defining document command \numrange with arg. spec. 'omm' on line 7158.
.................................................
.................................................
. LaTeX info: "xparse/define-command"
. 
. Defining document command \SIlist with arg. spec. 'o>{\SplitList {;}}mm' on
. line 7169.
.................................................
.................................................
. LaTeX info: "xparse/define-command"
. 
. Defining document command \SIrange with arg. spec. 'ommm' on line 7180.
.................................................
.................................................
. LaTeX info: "xparse/define-command"
. 
. Defining document command \SI with arg. spec. 'omom' on line 7191.
.................................................
.................................................
. LaTeX info: "xparse/define-command"
. 
. Defining document command \sisetup with arg. spec. 'm' on line 7194.
.................................................
.................................................
. LaTeX info: "xparse/define-command"
. 
. Defining document command \tablenum with arg. spec. 'om' on line 7206.
.................................................
.................................................
. LaTeX info: "xparse/define-command"
. 
. Defining document command \si with arg. spec. 'om' on line 7217.
.................................................
.................................................
. LaTeX info: "xparse/define-command"
. 
. Defining document command \__siunitx_bookmark_num:w with arg. spec. 'om' on
. line 7262.
.................................................
.................................................
. LaTeX info: "xparse/define-command"
. 
. Defining document command \__siunitx_bookmark_numrange:w with arg. spec.
. 'omm' on line 7264.
.................................................
.................................................
. LaTeX info: "xparse/define-command"
. 
. Defining document command \__siunitx_bookmark_SI:w with arg. spec. 'omom' on
. line 7266.
.................................................
.................................................
. LaTeX info: "xparse/define-command"
. 
. Defining document command \__siunitx_bookmark_SIlist:w with arg. spec. 'omm'
. on line 7268.
.................................................
.................................................
. LaTeX info: "xparse/define-command"
. 
. Defining document command \__siunitx_bookmark_SIrange:w with arg. spec.
. 'ommm' on line 7270.
.................................................
.................................................
. LaTeX info: "xparse/define-command"
. 
. Defining document command \__siunitx_bookmark_si:w with arg. spec. 'om' on
. line 7271.
.................................................
\g__file_internal_ior=\read2

("C:\Program Files\MiKTeX 2.9\tex\latex\beamer\base\translator\translator.sty"
Package: translator 2010/06/12 ver 1.10

("C:\Program Files\MiKTeX 2.9\tex\latex\beamer\base\translator\translator-language-mappings.tex")))
("C:\Program Files\MiKTeX 2.9\tex\latex\amsmath\amsmath.sty"
Package: amsmath 2013/01/14 v2.14 AMS math features
\@mathmargin=\skip61

For additional information on amsmath, use the `?' option.
("C:\Program Files\MiKTeX 2.9\tex\latex\amsmath\amsbsy.sty"
Package: amsbsy 1999/11/29 v1.2d
\pmbraise@=\dimen163
) ("C:\Program Files\MiKTeX 2.9\tex\latex\amsmath\amsopn.sty"
Package: amsopn 1999/12/14 v2.01 operator names
)
\inf@bad=\count142
LaTeX Info: Redefining \frac on input line 210.
\uproot@=\count143
\leftroot@=\count144
LaTeX Info: Redefining \overline on input line 306.
\classnum@=\count145
\DOTSCASE@=\count146
LaTeX Info: Redefining \ldots on input line 378.
LaTeX Info: Redefining \dots on input line 381.
LaTeX Info: Redefining \cdots on input line 466.
\Mathstrutbox@=\box50
\strutbox@=\box51
\big@size=\dimen164
LaTeX Font Info:    Redeclaring font encoding OML on input line 566.
LaTeX Font Info:    Redeclaring font encoding OMS on input line 567.


Package amsmath Warning: Unable to redefine math accent \vec.

\macc@depth=\count147
\c@MaxMatrixCols=\count148
\dotsspace@=\muskip17
\c@parentequation=\count149
\dspbrk@lvl=\count150
\tag@help=\toks19
\row@=\count151
\column@=\count152
\maxfields@=\count153
\andhelp@=\toks20
\eqnshift@=\dimen165
\alignsep@=\dimen166
\tagshift@=\dimen167
\tagwidth@=\dimen168
\totwidth@=\dimen169
\lineht@=\dimen170
\@envbody=\toks21
\multlinegap=\skip62
\multlinetaggap=\skip63
\mathdisplay@stack=\toks22
LaTeX Info: Redefining \[ on input line 2665.
LaTeX Info: Redefining \] on input line 2666.
) ("C:\Program Files\MiKTeX 2.9\tex\latex\amsfonts\amssymb.sty"
Package: amssymb 2013/01/14 v3.01 AMS font symbols

("C:\Program Files\MiKTeX 2.9\tex\latex\amsfonts\amsfonts.sty"
Package: amsfonts 2013/01/14 v3.01 Basic AMSFonts support
\symAMSa=\mathgroup4
\symAMSb=\mathgroup5
LaTeX Font Info:    Overwriting math alphabet `\mathfrak' in version `bold'
(Font)                  U/euf/m/n --> U/euf/b/n on input line 106.
LaTeX Info: Redefining \bold on input line 115.
))
("C:\Program Files\MiKTeX 2.9\tex\latex\graphics\lscape.sty"
Package: lscape 2000/10/22 v3.01 Landscape Pages (DPC)
)
("C:\Program Files\MiKTeX 2.9\tex\latex\algorithmicx\algpseudocode.sty"
Package: algpseudocode 

("C:\Program Files\MiKTeX 2.9\tex\latex\base\ifthen.sty"
Package: ifthen 2001/05/26 v1.1c Standard LaTeX ifthen package (DPC)
)
("C:\Program Files\MiKTeX 2.9\tex\latex\algorithmicx\algorithmicx.sty"
Package: algorithmicx 2005/04/27 v1.2 Algorithmicx

Document Style algorithmicx 1.2 - a greatly improved `algorithmic' style
\c@ALG@line=\count154
\c@ALG@rem=\count155
\c@ALG@nested=\count156
\ALG@tlm=\skip64
\ALG@thistlm=\skip65
\c@ALG@Lnr=\count157
\c@ALG@blocknr=\count158
\c@ALG@storecount=\count159
\c@ALG@tmpcounter=\count160
\ALG@tmplength=\skip66
)
Document Style - pseudocode environments for use with the `algorithmicx' style
) ("C:\Program Files\MiKTeX 2.9\tex\latex\algorithms\algorithm.sty"
Package: algorithm 2009/08/24 v0.1 Document Style `algorithm' - floating environment
\@float@every@algorithm=\toks23
\c@algorithm=\count161
)
("C:\Program Files\MiKTeX 2.9\tex\latex\mh\mathtools.sty"
Package: mathtools 2013/02/12 v1.13 mathematical typesetting tools
 ("C:\Program Files\MiKTeX 2.9\tex\latex\tools\calc.sty"
Package: calc 2007/08/22 v4.3 Infix arithmetic (KKT,FJ)
\calc@Acount=\count162
\calc@Bcount=\count163
\calc@Adimen=\dimen171
\calc@Bdimen=\dimen172
\calc@Askip=\skip67
\calc@Bskip=\skip68
LaTeX Info: Redefining \setlength on input line 76.
LaTeX Info: Redefining \addtolength on input line 77.
\calc@Ccount=\count164
\calc@Cskip=\skip69
)
("C:\Program Files\MiKTeX 2.9\tex\latex\mh\mhsetup.sty"
Package: mhsetup 2010/01/21 v1.2a programming setup (MH)
)
LaTeX Info: Thecontrolsequence`\['isalreadyrobust on input line 129.
LaTeX Info: Thecontrolsequence`\]'isalreadyrobust on input line 129.
\g_MT_multlinerow_int=\count165
\l_MT_multwidth_dim=\dimen173
\origjot=\skip70
\l_MT_shortvdotswithinadjustabove_dim=\dimen174
\l_MT_shortvdotswithinadjustbelow_dim=\dimen175
\l_MT_above_intertext_sep=\dimen176
\l_MT_below_intertext_sep=\dimen177
\l_MT_above_shortintertext_sep=\dimen178
\l_MT_below_shortintertext_sep=\dimen179
) ("C:\Program Files\MiKTeX 2.9\tex\latex\caption\caption.sty"
Package: caption 2013/05/02 v3.3-89 Customizing captions (AR)

("C:\Program Files\MiKTeX 2.9\tex\latex\caption\caption3.sty"
Package: caption3 2013/05/02 v1.6-88 caption3 kernel (AR)
Package caption3 Info: TeX engine: e-TeX on input line 57.
\captionmargin=\dimen180
\captionmargin@=\dimen181
\captionwidth=\dimen182
\caption@tempdima=\dimen183
\caption@indent=\dimen184
\caption@parindent=\dimen185
\caption@hangindent=\dimen186
)
\c@ContinuedFloat=\count166
Package caption Info: float package is loaded.
Package caption Info: subfigure package is loaded.
)
("C:\Program Files\MiKTeX 2.9\tex\latex\hyperref\hyperref.sty"
Package: hyperref 2012/11/06 v6.83m Hypertext links for LaTeX

("C:\Program Files\MiKTeX 2.9\tex\generic\oberdiek\hobsub-hyperref.sty"
Package: hobsub-hyperref 2012/04/25 v1.12 Bundle oberdiek, subset hyperref (HO)

("C:\Program Files\MiKTeX 2.9\tex\generic\oberdiek\hobsub-generic.sty"
Package: hobsub-generic 2012/04/25 v1.12 Bundle oberdiek, subset generic (HO)
Package: hobsub 2012/04/25 v1.12 Construct package bundles (HO)
Package hobsub Info: Skipping package `infwarerr' (already loaded).
Package hobsub Info: Skipping package `ltxcmds' (already loaded).
Package: ifluatex 2010/03/01 v1.3 Provides the ifluatex switch (HO)
Package ifluatex Info: LuaTeX not detected.
Package: ifvtex 2010/03/01 v1.5 Detect VTeX and its facilities (HO)
Package ifvtex Info: VTeX not detected.
Package: intcalc 2007/09/27 v1.1 Expandable calculations with integers (HO)
Package hobsub Info: Skipping package `ifpdf' (already loaded).
Package: etexcmds 2011/02/16 v1.5 Avoid name clashes with e-TeX commands (HO)
Package etexcmds Info: Could not find \expanded.
(etexcmds)             That can mean that you are not using pdfTeX 1.50 or
(etexcmds)             that some package has redefined \expanded.
(etexcmds)             In the latter case, load this package earlier.
Package: kvsetkeys 2012/04/25 v1.16 Key value parser (HO)
Package: kvdefinekeys 2011/04/07 v1.3 Define keys (HO)
Package: pdftexcmds 2011/11/29 v0.20 Utility functions of pdfTeX for LuaTeX (HO)
Package pdftexcmds Info: LuaTeX not detected.
Package pdftexcmds Info: \pdf@primitive is available.
Package pdftexcmds Info: \pdf@ifprimitive is available.
Package pdftexcmds Info: \pdfdraftmode found.
Package: pdfescape 2011/11/25 v1.13 Implements pdfTeX's escape features (HO)
Package: bigintcalc 2012/04/08 v1.3 Expandable calculations on big integers (HO)
Package: bitset 2011/01/30 v1.1 Handle bit-vector datatype (HO)
Package: uniquecounter 2011/01/30 v1.2 Provide unlimited unique counter (HO)
)
Package hobsub Info: Skipping package `hobsub' (already loaded).
Package: letltxmacro 2010/09/02 v1.4 Let assignment for LaTeX macros (HO)
Package: hopatch 2011/06/24 v1.1 Wrapper for package hooks (HO)
Package: xcolor-patch 2011/01/30 xcolor patch
Package: atveryend 2011/06/30 v1.8 Hooks at the very end of document (HO)
Package atveryend Info: \enddocument detected (standard20110627).
Package: atbegshi 2011/10/05 v1.16 At begin shipout hook (HO)
Package: refcount 2011/10/16 v3.4 Data extraction from label references (HO)
Package: hycolor 2011/01/30 v1.7 Color options for hyperref/bookmark (HO)
)
("C:\Program Files\MiKTeX 2.9\tex\generic\ifxetex\ifxetex.sty"
Package: ifxetex 2010/09/12 v0.6 Provides ifxetex conditional
)
("C:\Program Files\MiKTeX 2.9\tex\latex\oberdiek\auxhook.sty"
Package: auxhook 2011/03/04 v1.3 Hooks for auxiliary files (HO)
)
("C:\Program Files\MiKTeX 2.9\tex\latex\oberdiek\kvoptions.sty"
Package: kvoptions 2011/06/30 v3.11 Key value format for package options (HO)
)
\@linkdim=\dimen187
\Hy@linkcounter=\count167
\Hy@pagecounter=\count168

("C:\Program Files\MiKTeX 2.9\tex\latex\hyperref\pd1enc.def"
File: pd1enc.def 2012/11/06 v6.83m Hyperref: PDFDocEncoding definition (HO)
)
\Hy@SavedSpaceFactor=\count169

("C:\Program Files\MiKTeX 2.9\tex\latex\00miktex\hyperref.cfg"
File: hyperref.cfg 2002/06/06 v1.2 hyperref configuration of TeXLive
)
Package hyperref Info: Option `plainpages' set `false' on input line 4319.
Package hyperref Info: Option `breaklinks' set `true' on input line 4319.
Package hyperref Info: Option `bookmarksnumbered' set `true' on input line 4319.
Package hyperref Info: Option `bookmarksopen' set `true' on input line 4319.
Package hyperref Info: Option `pdfpagelabels' set `true' on input line 4319.
Package hyperref Info: Hyper figures OFF on input line 4443.
Package hyperref Info: Link nesting OFF on input line 4448.
Package hyperref Info: Hyper index ON on input line 4451.
Package hyperref Info: Plain pages OFF on input line 4458.
Package hyperref Info: Backreferencing ON on input line 4461.
Package hyperref Info: Implicit mode ON; LaTeX internals redefined.
Package hyperref Info: Bookmarks ON on input line 4688.

("C:\Program Files\MiKTeX 2.9\tex\latex\hyperref\backref.sty"
Package: backref 2012/07/25 v1.38 Bibliographical back referencing

("C:\Program Files\MiKTeX 2.9\tex\latex\oberdiek\rerunfilecheck.sty"
Package: rerunfilecheck 2011/04/15 v1.7 Rerun checks for auxiliary files (HO)
Package uniquecounter Info: New unique counter `rerunfilecheck' on input line 282.
))
\c@Hy@tempcnt=\count170
LaTeX Info: Redefining \url on input line 5041.
\XeTeXLinkMargin=\dimen188
\Fld@menulength=\count171
\Field@Width=\dimen189
\Fld@charsize=\dimen190
Package hyperref Info: Hyper figures OFF on input line 6295.
Package hyperref Info: Link nesting OFF on input line 6300.
Package hyperref Info: Hyper index ON on input line 6303.
Package hyperref Info: backreferencing ON on input line 6308.
Package hyperref Info: Link coloring OFF on input line 6315.
Package hyperref Info: Link coloring with OCG OFF on input line 6320.
Package hyperref Info: PDF/A mode OFF on input line 6325.
LaTeX Info: Redefining \ref on input line 6365.
LaTeX Info: Redefining \pageref on input line 6369.
\Hy@abspage=\count172
\c@Item=\count173
\c@Hfootnote=\count174
)

Package hyperref Message: Driver: hpdftex.

("C:\Program Files\MiKTeX 2.9\tex\latex\hyperref\hpdftex.def"
File: hpdftex.def 2012/11/06 v6.83m Hyperref driver for pdfTeX
\Fld@listcount=\count175
\c@bookmark@seq@number=\count176
\Hy@SectionHShift=\skip71
)
(C:\Users\charu\Documents\GitHubRes\ReseachZebrafish\PhDThesis\defenseThesis.aux)
LaTeX Font Info:    Checking defaults for OML/cmm/m/it on input line 101.
LaTeX Font Info:    ... okay on input line 101.
LaTeX Font Info:    Checking defaults for T1/cmr/m/n on input line 101.
LaTeX Font Info:    ... okay on input line 101.
LaTeX Font Info:    Checking defaults for OT1/cmr/m/n on input line 101.
LaTeX Font Info:    ... okay on input line 101.
LaTeX Font Info:    Checking defaults for OMS/cmsy/m/n on input line 101.
LaTeX Font Info:    ... okay on input line 101.
LaTeX Font Info:    Checking defaults for OMX/cmex/m/n on input line 101.
LaTeX Font Info:    ... okay on input line 101.
LaTeX Font Info:    Checking defaults for U/cmr/m/n on input line 101.
LaTeX Font Info:    ... okay on input line 101.
LaTeX Font Info:    Checking defaults for PD1/pdf/m/n on input line 101.
LaTeX Font Info:    ... okay on input line 101.

("C:\Program Files\MiKTeX 2.9\tex\context\base\supp-pdf.mkii"
[Loading MPS to PDF converter (version 2006.09.02).]
\scratchcounter=\count177
\scratchdimen=\dimen191
\scratchbox=\box52
\nofMPsegments=\count178
\nofMParguments=\count179
\everyMPshowfont=\toks24
\MPscratchCnt=\count180
\MPscratchDim=\dimen192
\MPnumerator=\count181
\makeMPintoPDFobject=\count182
\everyMPtoPDFconversion=\toks25
)
("C:\Program Files\MiKTeX 2.9\tex\latex\beamer\base\translator\dicts\translator-basic-dictionary\translator-basic-dictio
nary-English.dict"
Dictionary: translator-basic-dictionary, Language: English 
) ("C:\Program Files\MiKTeX 2.9\tex\latex\siunitx\config\siunitx-abbreviations.cfg"
File: siunitx-abbreviations.cfg 2013/07/31 v2.5s siunitx: Abbreviated units
)
Package caption Info: Begin \AtBeginDocument code.
Package caption Info: hyperref package is loaded.
Package caption Info: End \AtBeginDocument code.
\AtBeginShipoutBox=\box53
Package hyperref Info: Link coloring OFF on input line 101.

("C:\Program Files\MiKTeX 2.9\tex\latex\hyperref\nameref.sty"
Package: nameref 2012/10/27 v2.43 Cross-referencing by name of section

("C:\Program Files\MiKTeX 2.9\tex\generic\oberdiek\gettitlestring.sty"
Package: gettitlestring 2010/12/03 v1.4 Cleanup title references (HO)
)
\c@section@level=\count183
)
LaTeX Info: Redefining \ref on input line 101.
LaTeX Info: Redefining \pageref on input line 101.
LaTeX Info: Redefining \nameref on input line 101.

(C:\Users\charu\Documents\GitHubRes\ReseachZebrafish\PhDThesis\defenseThesis.out)
(C:\Users\charu\Documents\GitHubRes\ReseachZebrafish\PhDThesis\defenseThesis.out)
\@outlinefile=\write3
\c__siunitx_mathsf_int=\count184
LaTeX Font Info:    Try loading font information for U+msa on input line 101.

("C:\Program Files\MiKTeX 2.9\tex\latex\amsfonts\umsa.fd"
File: umsa.fd 2013/01/14 v3.01 AMS symbols A
)
LaTeX Font Info:    Try loading font information for U+msb on input line 101.
 ("C:\Program Files\MiKTeX 2.9\tex\latex\amsfonts\umsb.fd"
File: umsb.fd 2013/01/14 v3.01 AMS symbols B
)
\c__siunitx_mathtt_int=\count185

[1

{C:/ProgramData/MiKTeX/2.9/pdftex/config/pdftex.map}] [2] [3] [4]
(C:\Users\charu\Documents\GitHubRes\ReseachZebrafish\PhDThesis\tex/abstract.tex [5]) [6]
(C:\Users\charu\Documents\GitHubRes\ReseachZebrafish\PhDThesis\defenseThesis.toc [7

] [8])
\tf@toc=\write4
 [9]
(C:\Users\charu\Documents\GitHubRes\ReseachZebrafish\PhDThesis\defenseThesis.lof [10

])
\tf@lof=\write5
 [11]
(C:\Users\charu\Documents\GitHubRes\ReseachZebrafish\PhDThesis\tex/introduction.tex
Chapter 1.
[1

] [2]
Missing character: There is no Ô in font cmr12!
Missing character: There is no ¨ in font cmr12!
Missing character: There is no Å in font cmr12!
 [3] [4] [5]
Missing character: There is no Ô in font cmr12!
Missing character: There is no ¨ in font cmr12!
Missing character: There is no Å in font cmr12!
Missing character: There is no Ô in font cmr12!
Missing character: There is no ¨ in font cmr12!
Missing character: There is no Å in font cmr12!
 [6] <figure/anatomy.png, id=498, 874.467pt x 242.70676pt>
File: figure/anatomy.png Graphic file (type png)
 <use figure/anatomy.png>
Package pdftex.def Info: figure/anatomy.png used on input line 43.
(pdftex.def)             Requested size: 393.50652pt x 109.21701pt.
 [7 <C:/Users/charu/Documents/GitHubRes/ReseachZebrafish/PhDThesis/figure/anatomy.png>] [8]
Missing character: There is no Ô in font cmr12!
Missing character: There is no ¨ in font cmr12!
Missing character: There is no Å in font cmr12!
Missing character: There is no Ô in font cmr12!
Missing character: There is no ¨ in font cmr12!
Missing character: There is no Å in font cmr12!
 [9] [10] [11] [12] [13] [14]
<figure/overview.png, id=555, 819.06pt x 408.77719pt>
File: figure/overview.png Graphic file (type png)
 <use figure/overview.png>
Package pdftex.def Info: figure/overview.png used on input line 103.
(pdftex.def)             Requested size: 573.33809pt x 286.14207pt.
 [15 <C:/Users/charu/Documents/GitHubRes/ReseachZebrafish/PhDThesis/figure/overview.png>]
LaTeX Font Info:    Try loading font information for OMS+cmr on input line 116.
 ("C:\Program Files\MiKTeX 2.9\tex\latex\base\omscmr.fd"
File: omscmr.fd 1999/05/25 v2.5h Standard LaTeX font definitions
)
LaTeX Font Info:    Font shape `OMS/cmr/m/n' in size <12> not available
(Font)              Font shape `OMS/cmsy/m/n' tried instead on input line 116.
 [16


] [17])
(C:\Users\charu\Documents\GitHubRes\ReseachZebrafish\PhDThesis\tex/relatedWork.tex [18]
Chapter 2.
[19

] [20] [21


] [22] [23] [24] <figure/review.png, id=626, 925.95938pt x 451.6875pt>
File: figure/review.png Graphic file (type png)
 <use figure/review.png>
Package pdftex.def Info: figure/review.png used on input line 97.
(pdftex.def)             Requested size: 555.57991pt x 271.01459pt.
 [25

 <C:/Users/charu/Documents/GitHubRes/ReseachZebrafish/PhDThesis/figure/review.png>] [26

]
Missing character: There is no ¬ in font cmr12!
Missing character: There is no ± in font cmr12!
 [27]
Missing character: There is no ‚ in font cmr12!
Missing character: There is no Ä in font cmr12!
Missing character: There is no ì in font cmr12!
 [28]
Missing character: There is no ‚ in font cmr12!
Missing character: There is no Ä in font cmr12!
Missing character: There is no ô in font cmr12!
 [29] [30]
<figure/analysisReview.png, id=666, 578.16pt x 125.71968pt>
File: figure/analysisReview.png Graphic file (type png)
 <use figure/analysisReview.png>
Package pdftex.def Info: figure/analysisReview.png used on input line 140.
(pdftex.def)             Requested size: 375.79955pt x 81.71681pt.

<figure/automatedReview.png, id=667, 438.8897pt x 114.4275pt>
File: figure/automatedReview.png Graphic file (type png)
 <use figure/automatedReview.png>
Package pdftex.def Info: figure/automatedReview.png used on input line 148.
(pdftex.def)             Requested size: 373.058pt x 97.26382pt.
 [31 <C:/Users/charu/Documents/GitHubRes/ReseachZebrafish/PhDThesis/figure/analysisReview.png> <C:/Users/charu/Documents
/GitHubRes/ReseachZebrafish/PhDThesis/figure/automatedReview.png>] [32])
(C:\Users\charu\Documents\GitHubRes\ReseachZebrafish\PhDThesis\tex/segmentation.tex [33]
Chapter 3.
<figure/wholeEmbryo.png, id=688, 1687.5045pt x 1058.15324pt>
File: figure/wholeEmbryo.png Graphic file (type png)
 <use figure/wholeEmbryo.png>
Package pdftex.def Info: figure/wholeEmbryo.png used on input line 8.
(pdftex.def)             Requested size: 421.87509pt x 264.53766pt.
 [34

] [35 <C:/Users/charu/Documents/GitHubRes/ReseachZebrafish/PhDThesis/figure/wholeEmbryo.png>] [36] [37] [38]
<figure/intensityProfile.png, id=739, 925.33942pt x 649.01294pt>
File: figure/intensityProfile.png Graphic file (type png)
 <use figure/intensityProfile.png>
Package pdftex.def Info: figure/intensityProfile.png used on input line 92.
(pdftex.def)             Requested size: 277.60396pt x 194.70538pt.

<figure/headYolkPosition.png, id=740, 1566.45226pt x 169.23225pt>
File: figure/headYolkPosition.png Graphic file (type png)
 <use figure/headYolkPosition.png>
Package pdftex.def Info: figure/headYolkPosition.png used on input line 101.
(pdftex.def)             Requested size: 391.6121pt x 42.30795pt.

<figure/isvCvpRegion.png, id=747, 627.09282pt x 336.50719pt>
File: figure/isvCvpRegion.png Graphic file (type png)
 <use figure/isvCvpRegion.png>
Package pdftex.def Info: figure/isvCvpRegion.png used on input line 108.
(pdftex.def)             Requested size: 407.6055pt x 218.72707pt.
 [39 <C:/Users/charu/Documents/GitHubRes/ReseachZebrafish/PhDThesis/figure/intensityProfile.png>]
Package hyperref Info: bookmark level for unknown algorithm defaults to 0 on input line 116.
 [40 <C:/Users/charu/Documents/GitHubRes/ReseachZebrafish/PhDThesis/figure/headYolkPosition.png>] [41] [42] [43 <C:/User
s/charu/Documents/GitHubRes/ReseachZebrafish/PhDThesis/figure/isvCvpRegion.png>] [44] [45] [46] [47] <figure/highRespons
e.png, id=833, 1208.1135pt x 667.293pt>
File: figure/highResponse.png Graphic file (type png)

<use figure/highResponse.png>
Package pdftex.def Info: figure/highResponse.png used on input line 281.
(pdftex.def)             Requested size: 302.02763pt x 166.82283pt.
 [48 <C:/Users/charu/Documents/GitHubRes/ReseachZebrafish/PhDThesis/figure/highResponse.png>] [49] <figure/cvpSeg.png, i
d=865, 749.04843pt x 106.89937pt>
File: figure/cvpSeg.png Graphic file (type png)
 <use figure/cvpSeg.png>
Package pdftex.def Info: figure/cvpSeg.png used on input line 314.
(pdftex.def)             Requested size: 411.9779pt x 58.79482pt.
 [50 <C:/Users/charu/Documents/GitHubRes/ReseachZebrafish/PhDThesis/figure/cvpSeg.png>])
(C:\Users\charu\Documents\GitHubRes\ReseachZebrafish\PhDThesis\tex/feature.tex [51]
Chapter 4.
<figure/skeleton.png, id=894, 560.8453pt x 90.3375pt>
File: figure/skeleton.png Graphic file (type png)
 <use figure/skeleton.png>
Package pdftex.def Info: figure/skeleton.png used on input line 9.
(pdftex.def)             Requested size: 392.58904pt x 63.23581pt.
 [52

] [53 <C:/Users/charu/Documents/GitHubRes/ReseachZebrafish/PhDThesis/figure/skeleton.png>] [54] <figure/hog.png, id=922,
 328.97906pt x 299.61937pt>
File: figure/hog.png Graphic file (type png)

<use figure/hog.png>
Package pdftex.def Info: figure/hog.png used on input line 31.
(pdftex.def)             Requested size: 246.73369pt x 224.71397pt.
 [55] [56 <C:/Users/charu/Documents/GitHubRes/ReseachZebrafish/PhDThesis/figure/hog.png>]
<figure/cohog.png, id=941, 464.4853pt x 270.25969pt>
File: figure/cohog.png Graphic file (type png)
 <use figure/cohog.png>
Package pdftex.def Info: figure/cohog.png used on input line 59.
(pdftex.def)             Requested size: 348.36313pt x 202.69426pt.
 [57] [58 <C:/Users/charu/Documents/GitHubRes/ReseachZebrafish/PhDThesis/figure/cohog.png>] [59] [60] [61]
<figure/reg_overview.png, id=979, 444.91219pt x 164.86594pt>
File: figure/reg_overview.png Graphic file (type png)
 <use figure/reg_overview.png>
Package pdftex.def Info: figure/reg_overview.png used on input line 125.
(pdftex.def)             Requested size: 333.6833pt x 123.64912pt.
 [62 <C:/Users/charu/Documents/GitHubRes/ReseachZebrafish/PhDThesis/figure/reg_overview.png>])
(C:\Users\charu\Documents\GitHubRes\ReseachZebrafish\PhDThesis\tex/materials.tex [63]
Chapter 5.
[64

] <figure/fishData.png, id=1000, 418.56375pt x 157.18726pt>
File: figure/fishData.png Graphic file (type png)
 <use figure/fishData.png>
Package pdftex.def Info: figure/fishData.png used on input line 20.
(pdftex.def)             Requested size: 313.92203pt x 117.89014pt.
 [65] [66 <C:/Users/charu/Documents/GitHubRes/ReseachZebrafish/PhDThesis/figure/fishData.png>] [67]
<figure/projection.png, id=1015, 626.34pt x 426.84468pt>
File: figure/projection.png Graphic file (type png)
 <use figure/projection.png>
Package pdftex.def Info: figure/projection.png used on input line 45.
(pdftex.def)             Requested size: 313.16922pt x 213.42181pt.

<figure/mon.png, id=1016, 443.40656pt x 216.05719pt>
File: figure/mon.png Graphic file (type png)
 <use figure/mon.png>
Package pdftex.def Info: figure/mon.png used on input line 53.
(pdftex.def)             Requested size: 332.5541pt x 162.04248pt.
)
(C:\Users\charu\Documents\GitHubRes\ReseachZebrafish\PhDThesis\tex/results.tex [68 <C:/Users/charu/Documents/GitHubRes/R
eseachZebrafish/PhDThesis/figure/projection.png>] [69 <C:/Users/charu/Documents/GitHubRes/ReseachZebrafish/PhDThesis/fig
ure/mon.png>]
Chapter 6.
[70

] [71] <figure/isvSegmentation.png, id=1045, 451.6875pt x 978.65625pt>
File: figure/isvSegmentation.png Graphic file (type png)
 <use figure/isvSegmentation.png>
Package pdftex.def Info: figure/isvSegmentation.png used on input line 36.
(pdftex.def)             Requested size: 225.84319pt x 489.32693pt.
 [72]
Overfull \vbox (8.11678pt too high) has occurred while \output is active []

 [73 <C:/Users/charu/Documents/GitHubRes/ReseachZebrafish/PhDThesis/figure/isvSegmentation.png>] <figure/isvSegResult.pn
g, id=1058, 596.2275pt x 1059.96pt>
File: figure/isvSegResult.png Graphic file (type png)

<use figure/isvSegResult.png>
Package pdftex.def Info: figure/isvSegResult.png used on input line 68.
(pdftex.def)             Requested size: 268.2999pt x 476.9776pt.
 [74]
Overfull \vbox (20.41739pt too high) has occurred while \output is active []

 [75 <C:/Users/charu/Documents/GitHubRes/ReseachZebrafish/PhDThesis/figure/isvSegResult.png>] <figure/toxicityEffect.png
, id=1072, 955.09764pt x 412.36412pt>
File: figure/toxicityEffect.png Graphic file (type png)

<use figure/toxicityEffect.png>
Package pdftex.def Info: figure/toxicityEffect.png used on input line 80.
(pdftex.def)             Requested size: 334.28918pt x 144.32959pt.
 [76 <C:/Users/charu/Documents/GitHubRes/ReseachZebrafish/PhDThesis/figure/toxicityEffect.png>] [77] <figure/analysisPlo
t.png, id=1095, 1204.5pt x 578.91281pt>
File: figure/analysisPlot.png Graphic file (type png)
 <use figure/analysisPlot.png>
Package pdftex.def Info: figure/analysisPlot.png used on input line 93.
(pdftex.def)             Requested size: 542.02pt x 260.50835pt.
 [78

 <C:/Users/charu/Documents/GitHubRes/ReseachZebrafish/PhDThesis/figure/analysisPlot.png>]
<figure/cv.png, id=1103, 443.40656pt x 102.3825pt>
File: figure/cv.png Graphic file (type png)
 <use figure/cv.png>
Package pdftex.def Info: figure/cv.png used on input line 104.
(pdftex.def)             Requested size: 421.23384pt x 97.26282pt.
 [79

 <C:/Users/charu/Documents/GitHubRes/ReseachZebrafish/PhDThesis/figure/cv.png>] [80] [81] [82] [83] [84]
<figure/lethalityISV.png, id=1150, 742.27313pt x 122.70844pt>
File: figure/lethalityISV.png Graphic file (type png)
 <use figure/lethalityISV.png>
Package pdftex.def Info: figure/lethalityISV.png used on input line 254.
(pdftex.def)             Requested size: 519.58766pt x 85.89531pt.

<figure/lethalityCVP.png, id=1151, 792.71156pt x 150.5625pt>
File: figure/lethalityCVP.png Graphic file (type png)
 <use figure/lethalityCVP.png>
Package pdftex.def Info: figure/lethalityCVP.png used on input line 262.
(pdftex.def)             Requested size: 554.89432pt x 105.39302pt.
 [85

 <C:/Users/charu/Documents/GitHubRes/ReseachZebrafish/PhDThesis/figure/lethalityISV.png> <C:/Users/charu/Documents/GitHu
bRes/ReseachZebrafish/PhDThesis/figure/lethalityCVP.png>] <figure/chemicalProfile.png, id=1160, 475.7775pt x 571.38469pt
>
File: figure/chemicalProfile.png Graphic file (type png)

<use figure/chemicalProfile.png>
Package pdftex.def Info: figure/chemicalProfile.png used on input line 277.
(pdftex.def)             Requested size: 380.6225pt x 457.10837pt.
 [86

]
Overfull \vbox (0.54816pt too high) has occurred while \output is active []

 [87 <C:/Users/charu/Documents/GitHubRes/ReseachZebrafish/PhDThesis/figure/chemicalProfile.png>] <figure/AvgAs.png, id=1
175, 241.65282pt x 125.71968pt>
File: figure/AvgAs.png Graphic file (type png)

<use figure/AvgAs.png>
Package pdftex.def Info: figure/AvgAs.png used on input line 290.
(pdftex.def)             Requested size: 241.65222pt x 125.71936pt.
 <figure/AllAs.png, id=1177, 250.68657pt x 161.10187pt>
File: figure/AllAs.png Graphic file (type png)
 <use figure/AllAs.png>
Package pdftex.def Info: figure/AllAs.png used on input line 299.
(pdftex.def)             Requested size: 250.68594pt x 161.10147pt.
)
(C:\Users\charu\Documents\GitHubRes\ReseachZebrafish\PhDThesis\tex/conclusion.tex [88] [89] [90 <C:/Users/charu/Document
s/GitHubRes/ReseachZebrafish/PhDThesis/figure/AvgAs.png> <C:/Users/charu/Documents/GitHubRes/ReseachZebrafish/PhDThesis/
figure/AllAs.png>]
Chapter 7.
[91

]
Overfull \hbox (11.5933pt too wide) in paragraph at lines 12--13
[]\OT1/cmr/m/n/12 The key bot-tle-neck re-strict-ing these anal-y-sis is quan-tifi-ca-tion of the high-throughput
 []

[92] <figure/segISVLim.png, id=1208, 599.99156pt x 658.71094pt>
File: figure/segISVLim.png Graphic file (type png)
 <use figure/segISVLim.png>
Package pdftex.def Info: figure/segISVLim.png used on input line 21.
(pdftex.def)             Requested size: 269.9937pt x 296.41718pt.
 [93] [94 <C:/Users/charu/Documents/GitHubRes/ReseachZebrafish/PhDThesis/figure/segISVLim.png>]
<figure/segCVPLim.png, id=1221, 602.25pt x 100.87688pt>
File: figure/segCVPLim.png Graphic file (type png)
 <use figure/segCVPLim.png>
Package pdftex.def Info: figure/segCVPLim.png used on input line 37.
(pdftex.def)             Requested size: 361.35278pt x 60.52658pt.
 [95 <C:/Users/charu/Documents/GitHubRes/ReseachZebrafish/PhDThesis/figure/segCVPLim.png>])
(C:\Users\charu\Documents\GitHubRes\ReseachZebrafish\PhDThesis\defenseThesis.bbl
(C:\Users\charu\Documents\GitHubRes\ReseachZebrafish\PhDThesis\defenseThesis.brf)
\tf@brf=\write6
 [96]
Missing character: There is no Œ in font cmr12!
Missing character: There is no ≥ in font cmr12!
 [97

]
Missing character: There is no √ in font cmr12!
Missing character: There is no ∂ in font cmr12!
Missing character: There is no ‚ in font cmti12!
Missing character: There is no Ä in font cmti12!
Missing character: There is no ì in font cmti12!
Missing character: There is no √ in font cmcsc10!
Missing character: There is no © in font cmcsc10!
 [98] [99] [100] [101]
Missing character: There is no √ in font cmcsc10!
Missing character: There is no © in font cmcsc10!
Missing character: There is no ‚ in font cmti12!
Missing character: There is no Ä in font cmti12!
Missing character: There is no ì in font cmti12!

[102]
Missing character: There is no √ in font cmcsc10!
Missing character: There is no º in font cmcsc10!
Missing character: There is no √ in font cmcsc10!
Missing character: There is no § in font cmcsc10!
)
Package atveryend Info: Empty hook `BeforeClearDocument' on input line 180.
 [103]
Package atveryend Info: Empty hook `AfterLastShipout' on input line 180.
 (C:\Users\charu\Documents\GitHubRes\ReseachZebrafish\PhDThesis\defenseThesis.aux)
Package atveryend Info: Executing hook `AtVeryEndDocument' on input line 180.
Package atveryend Info: Executing hook `AtEndAfterFileList' on input line 180.
Package rerunfilecheck Info: File `defenseThesis.out' has not changed.
(rerunfilecheck)             Checksum: B73DC24E25D3FBF50D927421B73725A0;4503.
Package rerunfilecheck Info: File `defenseThesis.brf' has not changed.
(rerunfilecheck)             Checksum: 8B4A74234A17771602EEB7FB03104065;4984.
Package atveryend Info: Empty hook `AtVeryVeryEnd' on input line 180.
 ) 
Here is how much of TeX's memory you used:
 17406 strings out of 493921
 332421 string characters out of 3147282
 372800 words of memory out of 3000000
 20101 multiletter control sequences out of 15000+200000
 12469 words of font info for 47 fonts, out of 3000000 for 9000
 841 hyphenation exceptions out of 8191
 39i,8n,43p,10433b,855s stack positions out of 5000i,500n,10000p,200000b,50000s
<C:/Program Files/MiKTeX 2.9/fonts/type1/public/amsfonts/cm/cmbx12.pfb><C:/Program Files/MiKTeX 2.9/fonts/type1/public
/amsfonts/cm/cmcsc10.pfb><C:/Program Files/MiKTeX 2.9/fonts/type1/public/amsfonts/cm/cmex10.pfb><C:/Program Files/MiKTeX
 2.9/fonts/type1/public/amsfonts/cm/cmmi12.pfb><C:/Program Files/MiKTeX 2.9/fonts/type1/public/amsfonts/cm/cmmi6.pfb><C:
/Program Files/MiKTeX 2.9/fonts/type1/public/amsfonts/cm/cmmi8.pfb><C:/Program Files/MiKTeX 2.9/fonts/type1/public/amsfo
nts/cm/cmr12.pfb><C:/Program Files/MiKTeX 2.9/fonts/type1/public/amsfonts/cm/cmr6.pfb><C:/Program Files/MiKTeX 2.9/fonts
/type1/public/amsfonts/cm/cmr8.pfb><C:/Program Files/MiKTeX 2.9/fonts/type1/public/amsfonts/cm/cmsy10.pfb><C:/Program Fi
les/MiKTeX 2.9/fonts/type1/public/amsfonts/cm/cmsy8.pfb><C:/Program Files/MiKTeX 2.9/fonts/type1/public/amsfonts/cm/cmti
12.pfb>
Output written on defenseThesis.pdf (114 pages, 2867085 bytes).
PDF statistics:
 1475 PDF objects out of 1728 (max. 8388607)
 316 named destinations out of 1000 (max. 500000)
 623 words of extra memory for PDF output out of 10000 (max. 10000000)

